Build started 06/02/2015 12:37:30.
     1>Project "D:\Mahesh Mahajan\Assignments\C++\WritePID_uploadINI_sample\WritePID_uploadINI_sample\WritePID_uploadINI_sample.vcxproj" on node 2 (Build target(s)).
     1>ClCompile:
         c:\Program Files (x86)\Microsoft Visual Studio 10.0\VC\bin\CL.exe /c /ZI /nologo /W3 /WX- /Od /Oy- /D WIN32 /D _DEBUG /D _CONSOLE /D _MBCS /Gm /EHsc /RTC1 /MDd /GS /fp:precise /Zc:wchar_t /Zc:forScope /Fo"Debug\\" /Fd"Debug\vc100.pdb" /Gd /TP /analyze- /errorReport:prompt stdafx.cpp WritePID_uploadINI_sample.cpp
         WritePID_uploadINI_sample.cpp
     1>d:\mahesh mahajan\assignments\c++\writepid_uploadini_sample\writepid_uploadini_sample\writepid_uploadini_sample.cpp(52): warning C4996: 'strcpy': This function or variable may be unsafe. Consider using strcpy_s instead. To disable deprecation, use _CRT_SECURE_NO_WARNINGS. See online help for details.
                 c:\program files (x86)\microsoft visual studio 10.0\vc\include\string.h(105) : see declaration of 'strcpy'
     1>d:\mahesh mahajan\assignments\c++\writepid_uploadini_sample\writepid_uploadini_sample\writepid_uploadini_sample.cpp(57): warning C4996: 'strcpy': This function or variable may be unsafe. Consider using strcpy_s instead. To disable deprecation, use _CRT_SECURE_NO_WARNINGS. See online help for details.
                 c:\program files (x86)\microsoft visual studio 10.0\vc\include\string.h(105) : see declaration of 'strcpy'
     1>d:\mahesh mahajan\assignments\c++\writepid_uploadini_sample\writepid_uploadini_sample\writepid_uploadini_sample.cpp(72): warning C4996: 'sprintf': This function or variable may be unsafe. Consider using sprintf_s instead. To disable deprecation, use _CRT_SECURE_NO_WARNINGS. See online help for details.
                 c:\program files (x86)\microsoft visual studio 10.0\vc\include\stdio.h(371) : see declaration of 'sprintf'
     1>d:\mahesh mahajan\assignments\c++\writepid_uploadini_sample\writepid_uploadini_sample\writepid_uploadini_sample.cpp(140): error C2660: 'GetTempFileNameA' : function does not take 1 arguments
         stdafx.cpp
         Generating Code...
     1>Done Building Project "D:\Mahesh Mahajan\Assignments\C++\WritePID_uploadINI_sample\WritePID_uploadINI_sample\WritePID_uploadINI_sample.vcxproj" (Build target(s)) -- FAILED.

Build FAILED.

Time Elapsed 00:00:00.54
