Build started 04/22/2015 13:31:22.
     1>Project "D:\Mahesh Mahajan\Assignments\C++\Crash_demo\Crash_demo\Crash_demo.vcxproj" on node 2 (Rebuild target(s)).
     1>ClCompile:
         c:\Program Files (x86)\Microsoft Visual Studio 10.0\VC\bin\CL.exe /c /Zi /nologo /W3 /WX- /O2 /Oi /Oy- /GL /D CODE_ANALYSIS /D WIN32 /D NDEBUG /D _WINDOWS /D _MBCS /Gm- /EHsc /MD /GS /Gy /fp:precise /Zc:wchar_t /Zc:forScope /Yc"StdAfx.h" /Fp"Release\Crash_demo.pch.codeanalysis" /Fo"Release\\" /Fd"Release\vc100.pdb" /Gd /TP /analyze /errorReport:prompt stdafx.cpp
         stdafx.cpp
         c:\Program Files (x86)\Microsoft Visual Studio 10.0\VC\bin\CL.exe /c /Zi /nologo /W3 /WX- /O2 /Oi /Oy- /GL /D CODE_ANALYSIS /D WIN32 /D NDEBUG /D _WINDOWS /D _MBCS /Gm- /EHsc /MD /GS /Gy /fp:precise /Zc:wchar_t /Zc:forScope /Yu"StdAfx.h" /Fp"Release\Crash_demo.pch.codeanalysis" /Fo"Release\\" /Fd"Release\vc100.pdb" /Gd /TP /analyze /errorReport:prompt Crash_demo.cpp
         Crash_demo.cpp
     1>Crash_demo.cpp(10): warning C4985: 'WinMain': attributes not present on previous declaration.
                 C:\Program Files (x86)\Microsoft SDKs\Windows\v7.0A\include\winbase.h(2588) : see declaration of 'WinMain'
     1>d:\mahesh mahajan\assignments\c++\crash_demo\crash_demo\crash_demo.cpp(10): warning C6540: The use of attribute annotations on this function will invalidate all of its existing __declspec annotations
     1>d:\mahesh mahajan\assignments\c++\crash_demo\crash_demo\crash_demo.cpp(17): warning C6011: Dereferencing NULL pointer 'p': Lines: 15, 16, 17
       ResourceCompile:
         C:\Program Files (x86)\Microsoft SDKs\Windows\v7.0A\bin\rc.exe /l"0x0409" /nologo /fo"Release\Crash_demo.res" Crash_demo.rc 
       Link:
         c:\Program Files (x86)\Microsoft Visual Studio 10.0\VC\bin\link.exe /ERRORREPORT:PROMPT /OUT:"D:\Mahesh Mahajan\Assignments\C++\Crash_demo\Release\Crash_demo.exe" /INCREMENTAL:NO /NOLOGO kernel32.lib user32.lib gdi32.lib winspool.lib comdlg32.lib advapi32.lib shell32.lib ole32.lib oleaut32.lib uuid.lib odbc32.lib odbccp32.lib /MANIFEST /ManifestFile:"Release\Crash_demo.exe.intermediate.manifest" /MANIFESTUAC:"level='asInvoker' uiAccess='false'" /DEBUG /PDB:"D:\Mahesh Mahajan\Assignments\C++\Crash_demo\Release\Crash_demo.pdb" /SUBSYSTEM:WINDOWS /OPT:REF /OPT:ICF /LTCG /TLBID:1 /DYNAMICBASE /NXCOMPAT /IMPLIB:"D:\Mahesh Mahajan\Assignments\C++\Crash_demo\Release\Crash_demo.lib" /MACHINE:X86 Release\Crash_demo.res
         Release\Crash_demo.obj
         Release\stdafx.obj
         Generating code
         Finished generating code
     1>D:\Mahesh Mahajan\Assignments\C++\Crash_demo\Release\Crash_demo.exe : fatal error LNK1108: cannot write file at 0x1000
     1>Done Building Project "D:\Mahesh Mahajan\Assignments\C++\Crash_demo\Crash_demo\Crash_demo.vcxproj" (Rebuild target(s)) -- FAILED.

Build FAILED.

Time Elapsed 00:00:05.40
